0 info it worked if it ends with ok
1 verbose cli [ '/usr/local/bin/node', '/usr/local/bin/npm', 'run', 'build' ]
2 info using npm@3.10.10
3 info using node@v6.9.4
4 verbose run-script [ 'prebuild', 'build', 'postbuild' ]
5 info lifecycle onesocialmama@1.0.0~prebuild: onesocialmama@1.0.0
6 verbose lifecycle onesocialmama@1.0.0~prebuild: unsafe-perm in lifecycle true
7 verbose lifecycle onesocialmama@1.0.0~prebuild: PATH: /usr/local/lib/node_modules/npm/bin/node-gyp-bin:/Users/trevoreland/WebstormProjects/onesocialmama/node_modules/.bin:/usr/local/bin:/usr/bin:/bin:/usr/sbin:/sbin
8 verbose lifecycle onesocialmama@1.0.0~prebuild: CWD: /Users/trevoreland/WebstormProjects/onesocialmama
9 silly lifecycle onesocialmama@1.0.0~prebuild: Args: [ '-c',
9 silly lifecycle   'npm run clean-dist && npm run test && npm run build:html' ]
10 silly lifecycle onesocialmama@1.0.0~prebuild: Returned: code: 0  signal: null
11 info lifecycle onesocialmama@1.0.0~build: onesocialmama@1.0.0
12 verbose lifecycle onesocialmama@1.0.0~build: unsafe-perm in lifecycle true
13 verbose lifecycle onesocialmama@1.0.0~build: PATH: /usr/local/lib/node_modules/npm/bin/node-gyp-bin:/Users/trevoreland/WebstormProjects/onesocialmama/node_modules/.bin:/usr/local/bin:/usr/bin:/bin:/usr/sbin:/sbin
14 verbose lifecycle onesocialmama@1.0.0~build: CWD: /Users/trevoreland/WebstormProjects/onesocialmama
15 silly lifecycle onesocialmama@1.0.0~build: Args: [ '-c', 'babel-node tools/build.js' ]
16 silly lifecycle onesocialmama@1.0.0~build: Returned: code: 1  signal: null
17 info lifecycle onesocialmama@1.0.0~build: Failed to exec build script
18 verbose stack Error: onesocialmama@1.0.0 build: `babel-node tools/build.js`
18 verbose stack Exit status 1
18 verbose stack     at EventEmitter.<anonymous> (/usr/local/lib/node_modules/npm/lib/utils/lifecycle.js:255:16)
18 verbose stack     at emitTwo (events.js:106:13)
18 verbose stack     at EventEmitter.emit (events.js:191:7)
18 verbose stack     at ChildProcess.<anonymous> (/usr/local/lib/node_modules/npm/lib/utils/spawn.js:40:14)
18 verbose stack     at emitTwo (events.js:106:13)
18 verbose stack     at ChildProcess.emit (events.js:191:7)
18 verbose stack     at maybeClose (internal/child_process.js:877:16)
18 verbose stack     at Process.ChildProcess._handle.onexit (internal/child_process.js:226:5)
19 verbose pkgid onesocialmama@1.0.0
20 verbose cwd /Users/trevoreland/WebstormProjects/onesocialmama
21 error Darwin 17.4.0
22 error argv "/usr/local/bin/node" "/usr/local/bin/npm" "run" "build"
23 error node v6.9.4
24 error npm  v3.10.10
25 error code ELIFECYCLE
26 error onesocialmama@1.0.0 build: `babel-node tools/build.js`
26 error Exit status 1
27 error Failed at the onesocialmama@1.0.0 build script 'babel-node tools/build.js'.
27 error Make sure you have the latest version of node.js and npm installed.
27 error If you do, this is most likely a problem with the onesocialmama package,
27 error not with npm itself.
27 error Tell the author that this fails on your system:
27 error     babel-node tools/build.js
27 error You can get information on how to open an issue for this project with:
27 error     npm bugs onesocialmama
27 error Or if that isn't available, you can get their info via:
27 error     npm owner ls onesocialmama
27 error There is likely additional logging output above.
28 verbose exit [ 1, true ]
